-------------------------------------------------------------------------------
Test set: RemovePatientTest
-------------------------------------------------------------------------------
Tests run: 7, Failures: 1, Errors: 0, Skipped: 0, Time elapsed: 0.002 s <<< FAILURE! - in RemovePatientTest
deleteIfId_True  Time elapsed: 0.001 s  <<< FAILURE!
org.opentest4j.AssertionFailedError: expected: <true> but was: <false>
	at RemovePatientTest.deleteIfId_True(RemovePatientTest.java:29)

