<?xml version="1.0" encoding="UTF-8"?>
<testsuite xmlns:xsi="http://www.w3.org/2001/XMLSchema-instance" xsi:noNamespaceSchemaLocation="https://maven.apache.org/surefire/maven-surefire-plugin/xsd/surefire-test-report.xsd" name="PatientListTest" time="0.001" tests="9" errors="0" skipped="0" failures="0">
  <properties>
[...]
</properties>
  <testcase name="existingPatientGet" classname="PatientListTest" time="0"/>
  <testcase name="shouldAnswerWithTrue" classname="PatientListTest" time="0"/>
  <testcase name="ExistingPatientDelete" classname="PatientListTest" time="0"/>
  <testcase name="nullPatientAdd" classname="PatientListTest" time="0"/>
  <testcase name="getNumPatients0" classname="PatientListTest" time="0"/>
  <testcase name="getNumPatients3" classname="PatientListTest" time="0"/>
  <testcase name="nonExistingPatientDelete" classname="PatientListTest" time="0"/>
  <testcase name="nonExistingPatientGet" classname="PatientListTest" time="0"/>
  <testcase name="realPatientAdd" classname="PatientListTest" time="0"/>
</testsuite>