<?xml version="1.0" encoding="UTF-8"?>
<testsuite xmlns:xsi="http://www.w3.org/2001/XMLSchema-instance" xsi:noNamespaceSchemaLocation="https://maven.apache.org/surefire/maven-surefire-plugin/xsd/surefire-test-report.xsd" name="PatientTest" time="0.01" tests="14" errors="1" skipped="0" failures="0">
  <properties>
[...]
</properties>
  <testcase name="shouldAnswerWithTrue" classname="PatientTest" time="0"/>
  <testcase name="setPatientAgeTooLarge" classname="PatientTest" time="0"/>
  <testcase name="setPatientAgeTooSmall" classname="PatientTest" time="0"/>
  <testcase name="setPatientAgeTrue" classname="PatientTest" time="0"/>
  <testcase name="createNewPatientIDTooLong" classname="PatientTest" time="0"/>
  <testcase name="createNewPatientIDInvalidDigit" classname="PatientTest" time="0"/>
  <testcase name="getPatientAgeTrue" classname="PatientTest" time="0"/>
  <testcase name="getPatientNameFalse" classname="PatientTest" time="0"/>
  <testcase name="createNewPatientNameInvalidChar" classname="PatientTest" time="0"/>
  <testcase name="setPatientPostalCodeInvalid" classname="PatientTest" time="0.008">
    <error type="java.lang.NullPointerException">java.lang.NullPointerException
	at PatientTest.setPatientPostalCodeInvalid(PatientTest.java:156)
</error>
  </testcase>
  <testcase name="createNewPatientNameTrue" classname="PatientTest" time="0"/>
  <testcase name="setPatientPostalCodeTrue" classname="PatientTest" time="0"/>
  <testcase name="getPatientIDTrue" classname="PatientTest" time="0"/>
  <testcase name="getPatientIDFalse" classname="PatientTest" time="0"/>
</testsuite>