<?xml version="1.0" encoding="UTF-8"?>
<testsuite xmlns:xsi="http://www.w3.org/2001/XMLSchema-instance" xsi:noNamespaceSchemaLocation="https://maven.apache.org/surefire/maven-surefire-plugin/xsd/surefire-test-report.xsd" name="PatientHistogramTest" time="0.001" tests="5" errors="0" skipped="0" failures="0">
  <properties>
[...]
</properties>
  <testcase name="shouldAnswerWithTrue" classname="PatientHistogramTest" time="0"/>
  <testcase name="DeletePatient_PatientIndex_OutOfBounds" classname="PatientHistogramTest" time="0"/>
  <testcase name="DeletePatient_PatientIndex_Negative" classname="PatientHistogramTest" time="0"/>
  <testcase name="AddPatient_PatientIndex_Negative" classname="PatientHistogramTest" time="0"/>
  <testcase name="AddPatient_PatientIndex_OutOfBounds" classname="PatientHistogramTest" time="0"/>
</testsuite>